<?xml version="1.0" encoding="UTF-8"?>
<!-- Generated by org.testng.reporters.JUnitReportReporter -->
<testsuite hostname="dev-2.local" name="org.apache.struts2.TestNGStrutsTestCaseTest$RunTest" tests="1" failures="0" timestamp="17 Nov 2019 19:31:50 GMT" time="0.000" errors="0">
  <testcase name="testRun" time="0.000" classname="org.apache.struts2.TestNGStrutsTestCaseTest$RunTest"/>
</testsuite> <!-- org.apache.struts2.TestNGStrutsTestCaseTest$RunTest -->
